<?xml version="1.0" encoding="UTF-8"?>
<!-- Generated by org.testng.reporters.JUnitReportReporter -->
<testsuite hostname="Asus-Vivobook-Mahesh" failures="0" tests="1" name="com.exponent.TestNGTest" time="7.570" errors="0" timestamp="2024-07-06T09:47:20 IST" skipped="0">
  <testcase classname="com.exponent.TestNGTest" name="loginTest" time="7.570"/>
</testsuite> <!-- com.exponent.TestNGTest -->
