<?xml version="1.0" encoding="UTF-8"?>
<!-- Generated by org.testng.reporters.JUnitReportReporter -->
<testsuite hostname="Asus-Vivobook-Mahesh" failures="0" tests="1" name="com.exponent.PriorityTest" time="0.019" errors="0" timestamp="2024-07-06T09:38:08 IST" skipped="0">
  <testcase classname="com.exponent.PriorityTest" name="pqr" time="0.019"/>
</testsuite> <!-- com.exponent.PriorityTest -->
