<?xml version="1.0" encoding="UTF-8"?>
<!-- Generated by org.testng.reporters.JUnitReportReporter -->
<testsuite skipped="0" hostname="SES71231275IP10003777" name="com.sikuli.SikuliExample" tests="1" failures="0" timestamp="2025-01-17T18:04:20 IST" time="1.456" errors="0">
  <testcase name="selectPdfFile" time="1.456" classname="com.sikuli.SikuliExample"/>
  <system-out/>
</testsuite> <!-- com.sikuli.SikuliExample -->
